<?xml version="1.0" encoding="UTF-8"?>
<testng-results ignored="0" total="3" passed="3" failed="0" skipped="0">
  <reporter-output>
  </reporter-output>
  <suite started-at="2022-03-15T11:43:03 IST" name="Automation Suite" finished-at="2022-03-15T11:43:23 IST" duration-ms="20319">
    <groups>
    </groups>
    <test started-at="2022-03-15T11:43:03 IST" name="Register Demo Test Case" finished-at="2022-03-15T11:43:23 IST" duration-ms="20319">
      <class name="com.telus.registerdemo.RegisterDemoFlow">
        <test-method is-config="true" signature="launchApplication()[pri:0, instance:com.telus.registerdemo.RegisterDemoFlow@54bff557]" started-at="2022-03-15T11:43:03 IST" name="launchApplication" finished-at="2022-03-15T11:43:12 IST" duration-ms="9388" status="PASS">
          <reporter-output>
          </reporter-output>
        </test-method> <!-- launchApplication -->
        <test-method signature="navigateToRegistrationForm()[pri:1, instance:com.telus.registerdemo.RegisterDemoFlow@54bff557]" started-at="2022-03-15T11:43:12 IST" name="navigateToRegistrationForm" finished-at="2022-03-15T11:43:15 IST" duration-ms="2530" status="PASS">
          <reporter-output>
          </reporter-output>
        </test-method> <!-- navigateToRegistrationForm -->
        <test-method signature="registerForDemo()[pri:2, instance:com.telus.registerdemo.RegisterDemoFlow@54bff557]" started-at="2022-03-15T11:43:15 IST" name="registerForDemo" finished-at="2022-03-15T11:43:22 IST" duration-ms="7513" status="PASS">
          <reporter-output>
          </reporter-output>
        </test-method> <!-- registerForDemo -->
        <test-method signature="validateSuccessfulMsg()[pri:3, instance:com.telus.registerdemo.RegisterDemoFlow@54bff557]" started-at="2022-03-15T11:43:22 IST" name="validateSuccessfulMsg" finished-at="2022-03-15T11:43:23 IST" duration-ms="417" status="PASS">
          <reporter-output>
          </reporter-output>
        </test-method> <!-- validateSuccessfulMsg -->
        <test-method is-config="true" signature="closeApplication()[pri:0, instance:com.telus.registerdemo.RegisterDemoFlow@54bff557]" started-at="2022-03-15T11:43:23 IST" name="closeApplication" finished-at="2022-03-15T11:43:23 IST" duration-ms="339" status="PASS">
          <reporter-output>
          </reporter-output>
        </test-method> <!-- closeApplication -->
      </class> <!-- com.telus.registerdemo.RegisterDemoFlow -->
    </test> <!-- Register Demo Test Case -->
  </suite> <!-- Automation Suite -->
</testng-results>
