<?xml version="1.0" encoding="UTF-8"?>
<!-- Generated by org.testng.reporters.JUnitXMLReporter -->
<testsuite ignored="0" hostname="DESKTOP-QMSQO3B" failures="0" tests="3" name="Register Demo Test Case" time="20.319" errors="0" timestamp="2022-03-15T11:43:23 IST">
  <testcase classname="com.telus.registerdemo.RegisterDemoFlow" name="navigateToRegistrationForm" time="2.53"/>
  <testcase classname="com.telus.registerdemo.RegisterDemoFlow" name="registerForDemo" time="7.513"/>
  <testcase classname="com.telus.registerdemo.RegisterDemoFlow" name="validateSuccessfulMsg" time="0.417"/>
</testsuite> <!-- Register Demo Test Case -->
