<?xml version="1.0" encoding="UTF-8"?>
<testng-results ignored="0" total="3" passed="3" failed="0" skipped="0">
  <reporter-output>
  </reporter-output>
  <suite started-at="2022-06-20T02:20:43 IST" name="Automation Suite" finished-at="2022-06-20T02:21:00 IST" duration-ms="17044">
    <groups>
    </groups>
    <test started-at="2022-06-20T02:20:43 IST" name="Register Demo Test Case" finished-at="2022-06-20T02:21:00 IST" duration-ms="17044">
      <class name="com.telus.registerdemo.RegisterDemoFlow">
        <test-method is-config="true" signature="launchApplication()[pri:0, instance:com.telus.registerdemo.RegisterDemoFlow@a2431d0]" started-at="2022-06-20T02:20:43 IST" name="launchApplication" finished-at="2022-06-20T02:20:52 IST" duration-ms="8051" status="PASS">
          <reporter-output>
          </reporter-output>
        </test-method> <!-- launchApplication -->
        <test-method signature="navigateToRegistrationForm()[pri:1, instance:com.telus.registerdemo.RegisterDemoFlow@a2431d0]" started-at="2022-06-20T02:20:52 IST" name="navigateToRegistrationForm" finished-at="2022-06-20T02:20:54 IST" duration-ms="2555" status="PASS">
          <reporter-output>
          </reporter-output>
        </test-method> <!-- navigateToRegistrationForm -->
        <test-method signature="registerForDemo()[pri:2, instance:com.telus.registerdemo.RegisterDemoFlow@a2431d0]" started-at="2022-06-20T02:20:54 IST" name="registerForDemo" finished-at="2022-06-20T02:21:00 IST" duration-ms="5962" status="PASS">
          <reporter-output>
          </reporter-output>
        </test-method> <!-- registerForDemo -->
        <test-method signature="validateSuccessfulMsg()[pri:3, instance:com.telus.registerdemo.RegisterDemoFlow@a2431d0]" started-at="2022-06-20T02:21:00 IST" name="validateSuccessfulMsg" finished-at="2022-06-20T02:21:00 IST" duration-ms="266" status="PASS">
          <reporter-output>
          </reporter-output>
        </test-method> <!-- validateSuccessfulMsg -->
        <test-method is-config="true" signature="closeApplication()[pri:0, instance:com.telus.registerdemo.RegisterDemoFlow@a2431d0]" started-at="2022-06-20T02:21:00 IST" name="closeApplication" finished-at="2022-06-20T02:21:00 IST" duration-ms="119" status="PASS">
          <reporter-output>
          </reporter-output>
        </test-method> <!-- closeApplication -->
      </class> <!-- com.telus.registerdemo.RegisterDemoFlow -->
    </test> <!-- Register Demo Test Case -->
  </suite> <!-- Automation Suite -->
</testng-results>
