<?xml version="1.0" encoding="UTF-8"?>
<!-- Generated by org.testng.reporters.JUnitXMLReporter -->
<testsuite ignored="0" hostname="DESKTOP-QMSQO3B" failures="0" tests="3" name="Register Demo Test Case" time="17.044" errors="0" timestamp="2022-06-20T02:21:00 IST">
  <testcase classname="com.telus.registerdemo.RegisterDemoFlow" name="navigateToRegistrationForm" time="2.555"/>
  <testcase classname="com.telus.registerdemo.RegisterDemoFlow" name="registerForDemo" time="5.962"/>
  <testcase classname="com.telus.registerdemo.RegisterDemoFlow" name="validateSuccessfulMsg" time="0.266"/>
</testsuite> <!-- Register Demo Test Case -->
